<?xml version="1.0" encoding="UTF-8"?>
<!-- Generated by org.testng.reporters.JUnitReportReporter -->
<testsuite skipped="0" hostname="DESKTOP-K2TST02" name="test.TestNG.Testing" tests="2" failures="0" timestamp="05 Aug 2022 03:54:20 GMT" time="0.005" errors="0">
  <testcase name="test22" time="0.001" classname="test.TestNG.Testing"/>
  <testcase name="test2" time="0.004" classname="test.TestNG.Testing"/>
</testsuite> <!-- test.TestNG.Testing -->
