<?xml version="1.0" encoding="UTF-8"?>
<!-- Generated by org.testng.reporters.JUnitReportReporter -->
<testsuite skipped="0" hostname="DESKTOP-K2TST02" name="test.TestNG.Test" tests="1" failures="0" timestamp="05 Aug 2022 03:43:42 GMT" time="0.020" errors="0">
  <testcase name="test2" time="0.020" classname="test.TestNG.Test"/>
</testsuite> <!-- test.TestNG.Test -->
